Case #1:
GGG
CCC
JJJ
Case #2:
CODE
CODE
JJAM
Case #3:
CA
KE
Case #4:
BCC
FDE
AAA
AAA
Case #5:
EEED
AAAA
CCCB
Case #6:
EEE
FAD
CCC
BBB
Case #7:
EED
HFC
AIB
GKJ
Case #8:
BAD
EEC
FFF
FFF
Case #9:
AAAD
EEEE
CCBB
Case #10:
EEEE
CCAA
BDDD
Case #11:
AAB
CCC
DDD
EEF
Case #12:
AA
BB
CC
DD
EE
FF
Case #13:
AA
AA
Case #14:
FDB
CCC
EAA
EAA
Case #15:
AAAA
BBBB
CCCC
Case #16:
AA
AA
AA
BB
Case #17:
ABCD
ABCD
ABCD
Case #18:
CCC
ABB
DFF
EEE
Case #19:
AB
Case #20:
IKEC
HFJB
AGLD
Case #21:
A
Case #22:
CHE
DFA
BBG
BBG
Case #23:
BBB
BBB
EFA
CDD
Case #24:
BHHH
CAGG
DFIE
Case #25:
AAAA
BBBB
CCCC
Case #26:
EEEE
DDFA
BBGC
Case #27:
AAC
BDD
Case #28:
AABE
AABE
DCCC
Case #29:
AAA
AAA
Case #30:
ABC
Case #31:
CFE
JIG
DBH
AAA
Case #32:
EBBB
DDDD
CCAA
Case #33:
GDBK
AIJE
FCHH
Case #34:
EKH
FID
AJL
CBG
Case #35:
JHH
FIE
GKA
BDC
Case #36:
A
A
B
B
C
C
D
D
E
E
F
F
Case #37:
JJG
EFH
IBA
CCD
Case #38:
B
A
Case #39:
BBA
Case #40:
AAAA
BEDC
BEDC
Case #41:
GGGD
AABF
CCCE
Case #42:
BCA
BCA
Case #43:
HIC
GDA
FEE
BBB
Case #44:
ABCD
ABCD
ABCD
Case #45:
FFF
ADD
BBB
EEC
Case #46:
ADD
BBB
CCE
Case #47:
ABC
DDD
EEE
Case #48:
EEE
BBB
GCC
FAD
Case #49:
CBAA
CBAA
EDDD
Case #50:
CDA
BBB
EEE
FFF
Case #51:
AAA
BBB
Case #52:
AABBCC
DDDEEF
Case #53:
BBB
EEE
DDD
CFA
Case #54:
ABCD
ABCD
ABCD
Case #55:
BB
CA
Case #56:
FBD
CEA
GGG
GGG
Case #57:
CCEA
DDDD
BBBB
Case #58:
CCEA
CCEA
BBDD
Case #59:
ACHD
FBGJ
KKEI
Case #60:
EDG
FAH
CCI
BBB
Case #61:
FFE
FFE
CAB
DDD
Case #62:
CAA
EEB
DDD
FFF
Case #63:
DA
BC
Case #64:
AA
Case #65:
DDB
FFF
ACC
EEE
Case #66:
CEBA
DDDD
DDDD
Case #67:
EBD
AFC
Case #68:
HEGI
FBCD
AAAA
Case #69:
AAAA
BBBB
CCCC
Case #70:
BDD
BDD
EEE
ACF
Case #71:
AABB
CCCD
EEFF
Case #72:
BB
BB
CE
DD
DD
AA
Case #73:
BBBB
AECC
GDFF
Case #74:
BBBB
DAEE
CCCC
Case #75:
GGGG
FFEC
DDAB
Case #76:
CCJJ
CCJJ
CCJJ
Case #77:
AABBCCDDEEFF
Case #78:
AAAA
DCBE
DCBE
Case #79:
ACCC
EEEE
BBDF
Case #80:
CCD
ABE
Case #81:
EIJA
FDCK
GGHB
Case #82:
CEE
AIK
BHJ
FGD
Case #83:
BAAA
BAAA
ECCD
Case #84:
EDDD
CBBB
AAAA
Case #85:
AAB
CCC
DDE
FFF
Case #86:
DEFG
HJIB
KKCA
Case #87:
AAAA
BBBB
CCCC
Case #88:
EEE
FFB
AAA
CCD
Case #89:
JCHI
LAFG
DEKB
Case #90:
AGJF
EICD
BHHH
Case #91:
AAAE
DDDC
BBBB
Case #92:
CCDD
CCDD
AABE
Case #93:
FGG
CED
IHA
KBJ
Case #94:
BB
AA
Case #95:
BBBB
AAAA
Case #96:
BBF
AHD
ECI
JJG
Case #97:
AAA
Case #98:
A
A
Case #99:
AAA
FFE
DDD
BBC
Case #100:
EDA
EDA
FFB
CCC